2025-11-10 22:18:22 - BashWatch shutting down
2025-11-10 22:19:13 - BashWatch shutting down
2025-11-10 22:32:35 - Starting BashWatch system monitor
2025-11-10 22:32:35 - Starting continuous monitoring mode
2025-11-10 22:32:35 - Monitoring CPU
2025-11-10 22:32:36 - Monitoring Memory
2025-11-10 22:32:36 - Monitoring Network
2025-11-10 22:32:41 - Monitoring CPU
2025-11-10 22:32:41 - Monitoring Memory
2025-11-10 22:32:41 - Monitoring Network
2025-11-10 22:32:45 - Received interrupt signal
2025-11-10 22:32:45 - BashWatch shutting down
2025-11-10 22:33:30 - Configuration loaded from /home/kzer00/Documents/BashWatch/config/sysmon.conf
2025-11-10 22:33:30 - Starting BashWatch system monitor
2025-11-10 22:33:30 - Starting continuous monitoring mode
2025-11-10 22:33:30 - Monitoring CPU
2025-11-10 22:33:30 - Monitoring Memory
2025-11-10 22:33:31 - Monitoring Network
2025-11-10 22:33:36 - Monitoring CPU
2025-11-10 22:33:36 - Monitoring Memory
2025-11-10 22:33:36 - Monitoring Network
2025-11-10 22:33:40 - Received interrupt signal
2025-11-10 22:33:40 - BashWatch shutting down
2025-11-10 22:33:58 - Configuration loaded from /home/kzer00/Documents/BashWatch/config/sysmon.conf
2025-11-10 22:33:58 - Configuration file not found, using defaults
2025-11-10 22:33:58 - Starting BashWatch system monitor
2025-11-10 22:33:58 - Starting continuous monitoring mode
2025-11-10 22:33:58 - Monitoring CPU
2025-11-10 22:33:59 - Monitoring Memory
2025-11-10 22:33:59 - Monitoring Network
2025-11-10 22:34:04 - Monitoring CPU
2025-11-10 22:34:05 - Monitoring Memory
2025-11-10 22:34:05 - Monitoring Network
2025-11-10 22:34:10 - Monitoring CPU
2025-11-10 22:34:10 - Monitoring Memory
2025-11-10 22:34:10 - Monitoring Network
2025-11-10 22:34:13 - Received interrupt signal
2025-11-10 22:34:13 - BashWatch shutting down
2025-11-10 22:35:31 - Configuration loaded from /home/kzer00/Documents/BashWatch/config/sysmon.conf
2025-11-10 22:35:31 - Configuration file not found, using defaults
2025-11-10 22:35:31 - Starting BashWatch system monitor
2025-11-10 22:35:31 - Starting continuous monitoring mode
2025-11-10 22:35:31 - Monitoring CPU
2025-11-10 22:35:32 - Monitoring Memory
2025-11-10 22:35:32 - Monitoring Network
2025-11-10 22:35:37 - Monitoring CPU
2025-11-10 22:35:37 - Monitoring Memory
2025-11-10 22:35:38 - Monitoring Network
2025-11-10 22:35:43 - Monitoring CPU
2025-11-10 22:35:43 - Monitoring Memory
2025-11-10 22:35:43 - Monitoring Network
2025-11-10 22:35:46 - Received interrupt signal
2025-11-10 22:35:46 - BashWatch shutting down
2025-11-10 22:37:01 - Configuration loaded from /home/kzer00/Documents/BashWatch/config/sysmon.conf
2025-11-10 22:37:02 - Configuration file not found, using defaults
2025-11-10 22:37:02 - Starting BashWatch system monitor
2025-11-10 22:37:02 - Starting continuous monitoring mode
2025-11-10 22:37:02 - Monitoring CPU
2025-11-10 22:37:02 - Monitoring Memory
2025-11-10 22:37:02 - Monitoring Network
2025-11-10 22:37:06 - Received interrupt signal
2025-11-10 22:37:07 - BashWatch shutting down
2025-11-10 22:37:47 - Configuration loaded from /home/kzer00/Documents/BashWatch/config/sysmon.conf
2025-11-10 22:37:47 - Configuration file not found, using defaults
2025-11-10 22:37:47 - Starting BashWatch system monitor
2025-11-10 22:37:47 - Starting continuous monitoring mode
2025-11-10 22:37:47 - Monitoring CPU
2025-11-10 22:37:48 - Monitoring Memory
2025-11-10 22:37:48 - Monitoring Network
2025-11-10 22:37:53 - Monitoring CPU
2025-11-10 22:37:53 - Monitoring Memory
2025-11-10 22:37:53 - Monitoring Network
2025-11-10 22:37:57 - Received interrupt signal
2025-11-10 22:37:57 - BashWatch shutting down
2025-11-10 22:40:03 - Configuration loaded from /home/kzer00/Documents/BashWatch/config/sysmon.conf
2025-11-10 22:40:03 - Configuration file not found, using defaults
2025-11-10 22:40:03 - Starting BashWatch system monitor
2025-11-10 22:40:03 - Starting continuous monitoring mode
2025-11-10 22:40:03 - Monitoring CPU
2025-11-10 22:40:03 - Monitoring Memory
2025-11-10 22:40:04 - Monitoring Network
2025-11-10 22:40:08 - Received interrupt signal
2025-11-10 22:40:08 - BashWatch shutting down
2025-11-10 22:41:05 - Configuration loaded from /home/kzer00/Documents/BashWatch/config/sysmon.conf
2025-11-10 22:41:05 - Configuration file not found, using defaults
2025-11-10 22:41:05 - Starting BashWatch system monitor
2025-11-10 22:41:05 - Starting continuous monitoring mode
2025-11-10 22:41:05 - Monitoring CPU
2025-11-10 22:41:05 - Monitoring Memory
2025-11-10 22:41:05 - Monitoring Network
2025-11-10 22:41:10 - Received interrupt signal
2025-11-10 22:41:10 - BashWatch shutting down
2025-11-10 22:42:43 - Configuration loaded from /home/kzer00/Documents/BashWatch/config/sysmon.conf
2025-11-10 22:42:43 - Configuration loaded from config/test_alerts.conf
2025-11-10 22:42:43 - Starting BashWatch system monitor
2025-11-10 22:42:43 - Starting continuous monitoring mode
2025-11-10 22:42:43 - Monitoring CPU
2025-11-10 22:42:44 - Monitoring Memory
2025-11-10 22:42:44 - Monitoring Network
2025-11-10 22:42:49 - Monitoring CPU
2025-11-10 22:42:49 - Monitoring Memory
2025-11-10 22:42:49 - Monitoring Network
2025-11-10 22:42:53 - Received interrupt signal
2025-11-10 22:42:53 - BashWatch shutting down
2025-11-10 22:45:41 - Configuration loaded from /home/kzer00/Documents/BashWatch/config/sysmon.conf
2025-11-10 22:45:41 - Configuration loaded from config/test_alerts.conf
2025-11-10 22:45:41 - Starting BashWatch system monitor
2025-11-10 22:45:41 - Starting continuous monitoring mode
2025-11-10 22:45:41 - Monitoring CPU
2025-11-10 22:45:41 - Monitoring Memory
2025-11-10 22:45:41 - Monitoring Network
2025-11-10 22:45:46 - Received interrupt signal
2025-11-10 22:45:46 - BashWatch shutting down
2025-11-10 22:48:17 - Configuration loaded from /home/kzer00/Documents/BashWatch/config/sysmon.conf
2025-11-10 22:48:17 - Configuration loaded from config/test_alerts.conf
2025-11-10 22:48:17 - Starting BashWatch system monitor
2025-11-10 22:48:17 - Starting continuous monitoring mode
2025-11-10 22:48:17 - Monitoring CPU
2025-11-10 22:48:17 - Monitoring Memory
2025-11-10 22:48:17 - Monitoring Network
2025-11-10 22:48:22 - Received interrupt signal
2025-11-10 22:48:22 - BashWatch shutting down
2025-11-10 22:51:39 - Configuration loaded from /home/kzer00/Documents/BashWatch/config/sysmon.conf
2025-11-10 22:51:39 - BashWatch shutting down
2025-11-10 23:08:35 - Configuration loaded from /home/kzer00/Documents/BashWatch/config/sysmon.conf
2025-11-10 23:08:36 - Starting BashWatch system monitor
2025-11-10 23:08:36 - Monitoring CPU
2025-11-10 23:08:36 - Monitoring Memory
2025-11-10 23:08:36 - Monitoring Network
2025-11-10 23:08:36 - BashWatch system monitor completed
2025-11-10 23:08:36 - BashWatch shutting down
2025-11-10 23:10:51 - Configuration loaded from /home/kzer00/Documents/BashWatch/config/sysmon.conf
2025-11-10 23:10:51 - Configuration loaded from config/invalid.conf
2025-11-10 23:10:51 - WARNING: Invalid CPU_INTERVAL value 'invalid', using default value 5
2025-11-10 23:10:51 - WARNING: Invalid MEMORY_INTERVAL value '-5', using default value 5
2025-11-10 23:10:51 - WARNING: NETWORK_INTERVAL value '0' is too low, using minimum value 1
2025-11-10 23:10:51 - WARNING: CPU_THRESHOLD value '150' is out of range (0-100), using default value 80
2025-11-10 23:10:51 - WARNING: Invalid MEMORY_THRESHOLD value 'text', using default value 85
2025-11-10 23:10:51 - WARNING: Invalid ENABLE_CPU_MONITORING value 'maybe', using default value true
2025-11-10 23:10:51 - WARNING: Invalid ENABLE_MEMORY_MONITORING value '1', using default value true
2025-11-10 23:10:51 - WARNING: Invalid ENABLE_NETWORK_MONITORING value 'yes', using default value true
2025-11-10 23:10:51 - WARNING: Invalid OUTPUT_FORMAT value 'xml', using default value text
2025-11-10 23:10:51 - WARNING: Invalid DAEMON_MODE value 'possibly', using default value false
2025-11-10 23:10:51 - Starting BashWatch system monitor
2025-11-10 23:10:51 - Monitoring CPU
2025-11-10 23:10:52 - Monitoring Memory
2025-11-10 23:10:52 - Monitoring Network
2025-11-10 23:10:52 - BashWatch system monitor completed
2025-11-10 23:10:52 - BashWatch shutting down
2025-11-10 23:13:17 - Configuration loaded from /home/kzer00/Documents/BashWatch/config/sysmon.conf
2025-11-10 23:13:17 - Configuration loaded from config/invalid.conf
2025-11-10 23:13:17 - WARNING: Invalid CPU_INTERVAL value 'invalid', using default value 5
2025-11-10 23:13:17 - WARNING: Invalid MEMORY_INTERVAL value '-5', using default value 5
2025-11-10 23:13:17 - WARNING: NETWORK_INTERVAL value '0' is too low, using minimum value 1
2025-11-10 23:13:17 - WARNING: CPU_THRESHOLD value '150' is out of range (0-100), using default value 80
2025-11-10 23:13:17 - WARNING: Invalid MEMORY_THRESHOLD value 'text', using default value 85
2025-11-10 23:13:17 - WARNING: Invalid ENABLE_CPU_MONITORING value 'maybe', using default value true
2025-11-10 23:13:17 - WARNING: Invalid ENABLE_MEMORY_MONITORING value '1', using default value true
2025-11-10 23:13:17 - WARNING: Invalid ENABLE_NETWORK_MONITORING value 'yes', using default value true
2025-11-10 23:13:17 - WARNING: Invalid OUTPUT_FORMAT value 'xml', using default value text
2025-11-10 23:13:17 - WARNING: Invalid DAEMON_MODE value 'possibly', using default value false
2025-11-10 23:13:17 - Starting BashWatch system monitor
2025-11-10 23:13:17 - Starting continuous monitoring mode
2025-11-10 23:13:17 - Monitoring CPU
2025-11-10 23:13:17 - Monitoring Memory
2025-11-10 23:13:17 - Monitoring Network
2025-11-10 23:13:17 - BashWatch shutting down
2025-11-10 23:15:54 - Configuration loaded from /home/kzer00/Documents/BashWatch/config/sysmon.conf
2025-11-10 23:15:54 - Starting BashWatch system monitor
2025-11-10 23:15:54 - Monitoring CPU
2025-11-10 23:15:54 - Monitoring Memory
2025-11-10 23:15:54 - Monitoring Network
2025-11-10 23:15:55 - BashWatch system monitor completed
2025-11-10 23:15:55 - BashWatch shutting down
2025-11-10 23:22:09 - Configuration loaded from /home/kzer00/Documents/BashWatch/config/sysmon.conf
2025-11-10 23:22:09 - Starting BashWatch system monitor
2025-11-10 23:22:09 - Monitoring CPU
2025-11-10 23:22:09 - Monitoring Memory
2025-11-11 00:15:09 - Configuration loaded from /home/kzer00/Documents/BashWatch/config/sysmon.conf
2025-11-11 00:15:09 - Starting BashWatch system monitor
2025-11-11 00:15:09 - Monitoring CPU
2025-11-11 00:15:10 - Monitoring Memory
2025-11-11 00:15:10 - Monitoring Network
2025-11-11 00:15:10 - BashWatch system monitor completed
2025-11-11 00:15:10 - BashWatch shutting down
2025-11-11 00:16:02 - Configuration loaded from /home/kzer00/Documents/BashWatch/config/sysmon.conf
2025-11-11 00:16:02 - Starting BashWatch system monitor
2025-11-11 00:16:03 - Monitoring CPU
2025-11-11 00:16:03 - Monitoring Memory
2025-11-11 00:16:03 - Monitoring Network
2025-11-11 00:16:03 - BashWatch system monitor completed
2025-11-11 00:16:03 - BashWatch shutting down
2025-11-11 00:16:46 - Configuration loaded from /home/kzer00/Documents/BashWatch/config/sysmon.conf
2025-11-11 00:16:46 - Starting BashWatch system monitor
2025-11-11 00:16:46 - Monitoring CPU
2025-11-11 00:16:46 - Monitoring Memory
